#
# A fatal error has been detected by the Java Runtime Environment:
#
#  EXCEPTION_ACCESS_VIOLATION (0xc0000005) at pc=0x00007ff8dc461ff8, pid=3808, tid=8620
#
# JRE version: Java(TM) SE Runtime Environment (19.0.1+10) (build 19.0.1+10-21)
# Java VM: Java HotSpot(TM) 64-Bit Server VM (19.0.1+10-21, mixed mode, sharing, tiered, compressed oops, compressed class ptrs, g1 gc, windows-amd64)
# Problematic frame:
# V  [jvm.dll+0x271ff8]
#
# No core dump will be written. Minidumps are not enabled by default on client versions of Windows
#
# If you would like to submit a bug report, please visit:
#   https://bugreport.java.com/bugreport/crash.jsp
#

---------------  S U M M A R Y ------------

Command Line: -XX:+ShowCodeDetailsInExceptionMessages -agentlib:jdwp=transport=dt_socket,suspend=y,address=localhost:60335 -javaagent:C:\Users\DELL\eclipse\jee-2022-09\eclipse\configuration\org.eclipse.osgi\421\0\.cp\lib\javaagent-shaded.jar -Dfile.encoding=UTF-8 com.example.accessingdatamysql.AccessingDataMysqlApplication

Host: Intel(R) Core(TM) i5-2430M CPU @ 2.40GHz, 4 cores, 3G,  Windows 10 , 64 bit Build 19041 (10.0.19041.1889)
Time: Sun Nov 20 19:57:31 2022 India Standard Time elapsed time: 403.919052 seconds (0d 0h 6m 43s)

---------------  T H R E A D  ---------------

Current thread (0x000001e5c22fa1e0):  VMThread "VM Thread" [stack: 0x000000ca9cd00000,0x000000ca9ce00000] [id=8620]

Stack: [0x000000ca9cd00000,0x000000ca9ce00000],  sp=0x000000ca9cdfee20,  free space=1019k
Native frames: (J=compiled Java code, j=interpreted, Vv=VM code, C=native code)
V  [jvm.dll+0x271ff8]
V  [jvm.dll+0x6a4453]
V  [jvm.dll+0x6a4dfd]
V  [jvm.dll+0x5977e7]
V  [jvm.dll+0x59b5c8]
V  [jvm.dll+0x59917b]
V  [jvm.dll+0x85ef83]
V  [jvm.dll+0x85fd49]
V  [jvm.dll+0x86027d]
V  [jvm.dll+0x86070b]
V  [jvm.dll+0x8607c7]
V  [jvm.dll+0x8015fa]
V  [jvm.dll+0x6ed5eb]
C  [ucrtbase.dll+0x21bb2]
C  [KERNEL32.DLL+0x17034]
C  [ntdll.dll+0x526a1]


siginfo: EXCEPTION_ACCESS_VIOLATION (0xc0000005), reading address 0x000001e5e1363648


Registers:
RAX=0x00000000001fffe0, RBX=0x000001e5e1162b50, RCX=0x000001e5e1163640, RDX=0x000000000000ffff
RSP=0x000000ca9cdfee20, RBP=0x000001e5e1162b50, RSI=0x000000000000ffff, RDI=0x000000000000ffff
R8 =0x000001e5e1163010, R9 =0x000000ca9cdfef00, R10=0x000001e5c22f1c90, R11=0x000001e5e1163010
R12=0x000001e5df0a50d0, R13=0x000001e5e1162b50, R14=0x000000ca9cdfef30, R15=0x00000000000000b4
RIP=0x00007ff8dc461ff8, EFLAGS=0x0000000000010202


Register to memory mapping:

RIP=0x00007ff8dc461ff8 jvm.dll
RAX=0x00000000001fffe0 is an unknown value
RBX=0x000001e5e1162b50 is pointing into metadata
RCX=0x000001e5e1163640 is pointing into metadata
RDX=0x000000000000ffff is an unknown value
RSP=0x000000ca9cdfee20 points into unknown readable memory: 0x0000000000000218 | 18 02 00 00 00 00 00 00
RBP=0x000001e5e1162b50 is pointing into metadata
RSI=0x000000000000ffff is an unknown value
RDI=0x000000000000ffff is an unknown value
R8 ={method} {0x000001e5e1163018} 'getAllUsers' '()Ljava/lang/Iterable;' in 'com/example/accessingdatamysql/MainController'
R9 =0x000000ca9cdfef00 points into unknown readable memory: 0x000001e5e1163010 | 10 30 16 e1 e5 01 00 00
R10=0x000001e5c22f1c90 points into unknown readable memory: 0x0000001e00000002 | 02 00 00 00 1e 00 00 00
R11={method} {0x000001e5e1163018} 'getAllUsers' '()Ljava/lang/Iterable;' in 'com/example/accessingdatamysql/MainController'
R12=0x000001e5df0a50d0 is pointing into metadata
R13=0x000001e5e1162b50 is pointing into metadata
R14=0x000000ca9cdfef30 points into unknown readable memory: 0x000001e5df0a56d0 | d0 56 0a df e5 01 00 00
R15=0x00000000000000b4 is an unknown value


Top of Stack: (sp=0x000000ca9cdfee20)
0x000000ca9cdfee20:   0000000000000218 000000ca9cdfeed0
0x000000ca9cdfee30:   000001e5df0a55c8 00007ff8dc8cf921
0x000000ca9cdfee40:   0000000000000005 00007ff8dc894453
0x000000ca9cdfee50:   00000000000000b4 00007ff8dc592610
0x000000ca9cdfee60:   0000000000000009 000000ca9cdfef00
0x000000ca9cdfee70:   0000000000000000 0000000000000000
0x000000ca9cdfee80:   000000ca9cdfef00 00007ff8dc34380e
0x000000ca9cdfee90:   000001e5e1163010 000001e5e2125bc0
0x000000ca9cdfeea0:   00000000000000b4 000001e5e1162fe9
0x000000ca9cdfeeb0:   00000000000000b4 00007ff8dc894dfd
0x000000ca9cdfeec0:   00000000000000b4 000000ca9cdfef39
0x000000ca9cdfeed0:   00000000000000b4 0000000000000018
0x000000ca9cdfeee0:   000001e5df0a50d0 000001e5e1162b50
0x000000ca9cdfeef0:   000001e5e1163010 000001e5c22fa1e0
0x000000ca9cdfef00:   000001e5e1163010 000001e5c22fa1e0
0x000000ca9cdfef10:   0000000400000001 000000b40000000a 

Instructions: (pc=0x00007ff8dc461ff8)
0x00007ff8dc461ef8:   cc cc cc cc cc cc cc cc 48 89 5c 24 10 48 89 74
0x00007ff8dc461f08:   24 18 57 48 83 ec 30 48 63 da 49 8b f0 48 8b f9
0x00007ff8dc461f18:   85 d2 79 24 4c 8d 0d dd c9 70 00 ba b6 02 00 00
0x00007ff8dc461f28:   4c 8d 05 09 ca 70 00 48 8d 0d 82 c9 70 00 e8 b5
0x00007ff8dc461f38:   08 01 00 e8 70 c3 47 00 48 8b 57 10 48 85 d2 74
0x00007ff8dc461f48:   0f 48 8b c3 48 c1 e0 05 48 8b 44 10 28 0f b7 d8
0x00007ff8dc461f58:   48 63 c3 48 8d 54 24 40 48 89 7c 24 20 48 89 74
0x00007ff8dc461f68:   24 28 48 8b 8e 60 02 00 00 8b 5c c7 48 48 89 7c
0x00007ff8dc461f78:   24 40 e8 81 1b da ff 0f b7 d3 48 8d 4c 24 20 4c
0x00007ff8dc461f88:   8b c6 e8 51 fc ff ff 48 8d 4c 24 20 48 8b d8 e8
0x00007ff8dc461f98:   04 07 13 00 48 8b 74 24 50 48 8b c3 48 8b 5c 24
0x00007ff8dc461fa8:   48 48 83 c4 30 5f c3 cc 48 89 5c 24 08 57 48 83
0x00007ff8dc461fb8:   ec 20 48 63 fa 48 8b d9 85 d2 79 24 4c 8d 0d 35
0x00007ff8dc461fc8:   c9 70 00 ba b6 02 00 00 4c 8d 05 61 c9 70 00 48
0x00007ff8dc461fd8:   8d 0d da c8 70 00 e8 0d 08 01 00 e8 c8 c2 47 00
0x00007ff8dc461fe8:   48 8b 4b 10 48 85 c9 74 0f 48 8b c7 48 c1 e0 05
0x00007ff8dc461ff8:   48 8b 44 08 28 0f b7 f8 48 63 c7 0f b7 4c c3 48
0x00007ff8dc462008:   0f b7 44 cb 4a 48 8b 44 c3 48 48 8b 5c 24 30 48
0x00007ff8dc462018:   83 c4 20 5f c3 cc cc cc 4c 8b 41 20 4d 8b 00 e9
0x00007ff8dc462028:   64 02 00 00 cc cc cc cc 48 8b 49 20 48 8b 09 e9
0x00007ff8dc462038:   04 e7 00 00 cc cc cc cc 48 89 5c 24 18 56 57 41
0x00007ff8dc462048:   56 48 83 ec 20 48 83 3d db 30 95 00 00 4c 8b f2
0x00007ff8dc462058:   48 8b f9 74 0f 48 8b d1 48 8d 0d 29 c8 70 00 e8
0x00007ff8dc462068:   84 2a e5 ff 45 33 c0 41 8d 50 18 8d 4a 10 e8 e5
0x00007ff8dc462078:   1f e5 ff 33 db 48 85 c0 74 22 48 8d 4f 08 89 58
0x00007ff8dc462088:   08 48 89 48 20 48 8d 0d 9c d9 6d 00 48 89 08 88
0x00007ff8dc462098:   58 0c 48 89 58 10 48 89 58 18 eb 03 48 8b c3 48
0x00007ff8dc4620a8:   8b d0 49 8b ce e8 be 43 42 00 45 33 c0 41 8d 50
0x00007ff8dc4620b8:   18 8d 4a 10 e8 9f 1f e5 ff 48 85 c0 74 27 48 8d
0x00007ff8dc4620c8:   0d 43 cd 70 00 c7 40 08 02 00 00 00 48 89 08 48
0x00007ff8dc4620d8:   8d 4f 10 48 89 48 20 c6 40 0c 00 48 89 58 10 48
0x00007ff8dc4620e8:   89 58 18 eb 03 48 8b c3 48 8b d0 49 8b ce e8 75 


Stack slot to memory mapping:
stack at sp + 0 slots: 0x0000000000000218 is an unknown value
stack at sp + 1 slots: 0x000000ca9cdfeed0 points into unknown readable memory: 0x00000000000000b4 | b4 00 00 00 00 00 00 00
stack at sp + 2 slots: {method} {0x000001e5df0a55d0} 'addNewUser' '(ILjava/lang/String;Ljava/lang/String;)Ljava/lang/String;' in 'com/example/accessingdatamysql/MainController'
stack at sp + 3 slots: 0x00007ff8dc8cf921 jvm.dll
stack at sp + 4 slots: 0x0000000000000005 is an unknown value
stack at sp + 5 slots: 0x00007ff8dc894453 jvm.dll
stack at sp + 6 slots: 0x00000000000000b4 is an unknown value
stack at sp + 7 slots: 0x00007ff8dc592610 jvm.dll

VM_Operation (0x000000ca9d8ff760): RedefineClasses, mode: safepoint, requested by thread 0x000001e5e20f5800, redefining class com.example.accessingdatamysql.MainController



---------------  P R O C E S S  ---------------

Threads class SMR info:
_java_thread_list=0x000001e5e689ce60, length=32, elements={
0x000001e5ddb82860, 0x000001e5ddb837f0, 0x000001e5ddb87fa0, 0x000001e5ddb888d0,
0x000001e5ddb8a690, 0x000001e5ddb90650, 0x000001e5ddbb8fa0, 0x000001e5ddbba920,
0x000001e5ddbc5a70, 0x000001e5ddb6c5e0, 0x000001e5e20f5800, 0x000001e5e219af00,
0x000001e5e219b450, 0x000001e5e2832020, 0x000001e5e2c349a0, 0x000001e5e2c34ef0,
0x000001e5e2c33f00, 0x000001e5e2c35440, 0x000001e5e2c34450, 0x000001e5e88cca20,
0x000001e5e88c7fc0, 0x000001e5e88caf90, 0x000001e5e88c9a50, 0x000001e5e88cd4c0,
0x000001e5e88cbf80, 0x000001e5e88c5fe0, 0x000001e5e88c6530, 0x000001e5e88c9500,
0x000001e5e88c7520, 0x000001e5e88cda10, 0x000001e5e88caa40, 0x000001e5e88ccf70
}

Java Threads: ( => current thread )
  0x000001e5ddb82860 JavaThread "Reference Handler" daemon [_thread_blocked, id=3324, stack(0x000000ca9ce00000,0x000000ca9cf00000)]
  0x000001e5ddb837f0 JavaThread "Finalizer" daemon [_thread_blocked, id=5584, stack(0x000000ca9cf00000,0x000000ca9d000000)]
  0x000001e5ddb87fa0 JavaThread "Signal Dispatcher" daemon [_thread_blocked, id=3496, stack(0x000000ca9d000000,0x000000ca9d100000)]
  0x000001e5ddb888d0 JavaThread "Attach Listener" daemon [_thread_blocked, id=1216, stack(0x000000ca9d100000,0x000000ca9d200000)]
  0x000001e5ddb8a690 JavaThread "Service Thread" daemon [_thread_blocked, id=9456, stack(0x000000ca9d200000,0x000000ca9d300000)]
  0x000001e5ddb90650 JavaThread "Monitor Deflation Thread" daemon [_thread_blocked, id=9088, stack(0x000000ca9d300000,0x000000ca9d400000)]
  0x000001e5ddbb8fa0 JavaThread "C2 CompilerThread0" daemon [_thread_blocked, id=6992, stack(0x000000ca9d400000,0x000000ca9d500000)]
  0x000001e5ddbba920 JavaThread "C1 CompilerThread0" daemon [_thread_blocked, id=9708, stack(0x000000ca9d500000,0x000000ca9d600000)]
  0x000001e5ddbc5a70 JavaThread "Sweeper thread" daemon [_thread_blocked, id=1404, stack(0x000000ca9d600000,0x000000ca9d700000)]
  0x000001e5ddb6c5e0 JavaThread "Common-Cleaner" daemon [_thread_blocked, id=8228, stack(0x000000ca9d700000,0x000000ca9d800000)]
  0x000001e5e20f5800 JavaThread "JDWP Transport Listener: dt_socket" daemon [_thread_blocked, id=10064, stack(0x000000ca9d800000,0x000000ca9d900000)]
  0x000001e5e219af00 JavaThread "JDWP Event Helper Thread" daemon [_thread_blocked, id=2384, stack(0x000000ca9d900000,0x000000ca9da00000)]
  0x000001e5e219b450 JavaThread "JDWP Command Reader" daemon [_thread_in_native, id=9536, stack(0x000000ca9da00000,0x000000ca9db00000)]
  0x000001e5e2832020 JavaThread "Notification Thread" daemon [_thread_blocked, id=552, stack(0x000000ca9dc00000,0x000000ca9dd00000)]
  0x000001e5e2c349a0 JavaThread "Catalina-utility-1" [_thread_blocked, id=1816, stack(0x000000ca9e100000,0x000000ca9e200000)]
  0x000001e5e2c34ef0 JavaThread "Catalina-utility-2" [_thread_blocked, id=6340, stack(0x000000ca9e200000,0x000000ca9e300000)]
  0x000001e5e2c33f00 JavaThread "container-0" [_thread_blocked, id=8520, stack(0x000000ca9e300000,0x000000ca9e400000)]
  0x000001e5e2c35440 JavaThread "mysql-cj-abandoned-connection-cleanup" daemon [_thread_blocked, id=7840, stack(0x000000ca9e400000,0x000000ca9e500000)]
  0x000001e5e2c34450 JavaThread "HikariPool-1 housekeeper" daemon [_thread_blocked, id=9436, stack(0x000000ca9e600000,0x000000ca9e700000)]
  0x000001e5e88cca20 JavaThread "http-nio-8080-exec-1" daemon [_thread_blocked, id=9968, stack(0x000000ca9db00000,0x000000ca9dc00000)]
  0x000001e5e88c7fc0 JavaThread "http-nio-8080-exec-2" daemon [_thread_blocked, id=7484, stack(0x000000ca9e700000,0x000000ca9e800000)]
  0x000001e5e88caf90 JavaThread "http-nio-8080-exec-3" daemon [_thread_blocked, id=9660, stack(0x000000ca9e800000,0x000000ca9e900000)]
  0x000001e5e88c9a50 JavaThread "http-nio-8080-exec-4" daemon [_thread_blocked, id=8044, stack(0x000000ca9e900000,0x000000ca9ea00000)]
  0x000001e5e88cd4c0 JavaThread "http-nio-8080-exec-5" daemon [_thread_blocked, id=1240, stack(0x000000ca9ea00000,0x000000ca9eb00000)]
  0x000001e5e88cbf80 JavaThread "http-nio-8080-exec-6" daemon [_thread_blocked, id=2880, stack(0x000000ca9eb00000,0x000000ca9ec00000)]
  0x000001e5e88c5fe0 JavaThread "http-nio-8080-exec-7" daemon [_thread_blocked, id=1620, stack(0x000000ca9ec00000,0x000000ca9ed00000)]
  0x000001e5e88c6530 JavaThread "http-nio-8080-exec-8" daemon [_thread_blocked, id=2772, stack(0x000000ca9ed00000,0x000000ca9ee00000)]
  0x000001e5e88c9500 JavaThread "http-nio-8080-exec-9" daemon [_thread_blocked, id=9688, stack(0x000000ca9ee00000,0x000000ca9ef00000)]
  0x000001e5e88c7520 JavaThread "http-nio-8080-exec-10" daemon [_thread_blocked, id=9732, stack(0x000000ca9ef00000,0x000000ca9f000000)]
  0x000001e5e88cda10 JavaThread "http-nio-8080-Poller" daemon [_thread_blocked, id=7648, stack(0x000000ca9f000000,0x000000ca9f100000)]
  0x000001e5e88caa40 JavaThread "http-nio-8080-Acceptor" daemon [_thread_in_native, id=9472, stack(0x000000ca9f100000,0x000000ca9f200000)]
  0x000001e5e88ccf70 JavaThread "DestroyJavaVM" [_thread_blocked, id=8724, stack(0x000000ca9c700000,0x000000ca9c800000)]

Other Threads:
=>0x000001e5c22fa1e0 VMThread "VM Thread" [stack: 0x000000ca9cd00000,0x000000ca9ce00000] [id=8620]
  0x000001e5ddb82440 WatcherThread "VM Periodic Task Thread" [stack: 0x000000ca9dd00000,0x000000ca9de00000] [id=9500]
  0x000001e5c2274c80 WorkerThread "GC Thread#0" [stack: 0x000000ca9c800000,0x000000ca9c900000] [id=3484]
  0x000001e5e2a18f10 WorkerThread "GC Thread#1" [stack: 0x000000ca9de00000,0x000000ca9df00000] [id=8288]
  0x000001e5e2aa8da0 WorkerThread "GC Thread#2" [stack: 0x000000ca9df00000,0x000000ca9e000000] [id=8508]
  0x000001e5e2aab480 WorkerThread "GC Thread#3" [stack: 0x000000ca9e000000,0x000000ca9e100000] [id=2392]
  0x000001e5c227e840 ConcurrentGCThread "G1 Main Marker" [stack: 0x000000ca9c900000,0x000000ca9ca00000] [id=6332]
  0x000001e5c227fac0 WorkerThread "G1 Conc#0" [stack: 0x000000ca9ca00000,0x000000ca9cb00000] [id=9200]
  0x000001e5c22d9030 ConcurrentGCThread "G1 Refine#0" [stack: 0x000000ca9cb00000,0x000000ca9cc00000] [id=768]
  0x000001e5c22d9a80 ConcurrentGCThread "G1 Service" [stack: 0x000000ca9cc00000,0x000000ca9cd00000] [id=6716]

Threads with active compile tasks:

VM state: at safepoint (normal execution)

VM Mutex/Monitor currently owned by a thread:  ([mutex/lock_event])
[0x000001e5c222f2c0] Threads_lock - owner thread: 0x000001e5c22fa1e0

Heap address: 0x00000000c1600000, size: 1002 MB, Compressed Oops mode: 32-bit

CDS archive(s) mapped at: [0x0000000800000000-0x0000000800c40000-0x0000000800c40000), size 12845056, SharedBaseAddress: 0x0000000800000000, ArchiveRelocationMode: 0.
Compressed class space mapped at: 0x0000000801000000-0x0000000841000000, reserved size: 1073741824
Narrow klass base: 0x0000000800000000, Narrow klass shift: 0, Narrow klass range: 0x100000000

GC Precious Log:
 CardTable entry size: 512
 Card Set container configuration: InlinePtr #cards 5 size 8 Array Of Cards #cards 12 size 40 Howl #buckets 4 coarsen threshold 1843 Howl Bitmap #cards 512 size 80 coarsen threshold 460 Card regions per heap region 1 cards per card region 2048
 CPUs: 4 total, 4 available
 Memory: 4003M
 Large Page Support: Disabled
 NUMA Support: Disabled
 Compressed Oops: Enabled (32-bit)
 Heap Region Size: 1M
 Heap Min Capacity: 8M
 Heap Initial Capacity: 64M
 Heap Max Capacity: 1002M
 Pre-touch: Disabled
 Parallel Workers: 4
 Concurrent Workers: 1
 Concurrent Refinement Workers: 4
 Periodic GC: Disabled

Heap:
 garbage-first heap   total 54272K, used 31212K [0x00000000c1600000, 0x0000000100000000)
  region size 1024K, 11 young (11264K), 3 survivors (3072K)
 Metaspace       used 57676K, committed 58112K, reserved 1114112K
  class space    used 7301K, committed 7488K, reserved 1048576K

Heap Regions: E=young(eden), S=young(survivor), O=old, HS=humongous(starts), HC=humongous(continues), CS=collection set, F=free, OA=open archive, CA=closed archive, TAMS=top-at-mark-start (previous, next)
|   0|0x00000000c1600000, 0x00000000c1700000, 0x00000000c1700000|100%|HS|  |TAMS 0x00000000c1700000, 0x00000000c1600000| Complete 
|   1|0x00000000c1700000, 0x00000000c1800000, 0x00000000c1800000|100%| O|  |TAMS 0x00000000c1800000, 0x00000000c1700000| Untracked 
|   2|0x00000000c1800000, 0x00000000c1900000, 0x00000000c1900000|100%| O|  |TAMS 0x00000000c1900000, 0x00000000c1800000| Untracked 
|   3|0x00000000c1900000, 0x00000000c1a00000, 0x00000000c1a00000|100%| O|  |TAMS 0x00000000c1a00000, 0x00000000c1900000| Untracked 
|   4|0x00000000c1a00000, 0x00000000c1b00000, 0x00000000c1b00000|100%| O|  |TAMS 0x00000000c1b00000, 0x00000000c1a00000| Untracked 
|   5|0x00000000c1b00000, 0x00000000c1c00000, 0x00000000c1c00000|100%| O|  |TAMS 0x00000000c1c00000, 0x00000000c1b00000| Untracked 
|   6|0x00000000c1c00000, 0x00000000c1d00000, 0x00000000c1d00000|100%| O|  |TAMS 0x00000000c1d00000, 0x00000000c1c00000| Untracked 
|   7|0x00000000c1d00000, 0x00000000c1e00000, 0x00000000c1e00000|100%| O|  |TAMS 0x00000000c1e00000, 0x00000000c1d00000| Untracked 
|   8|0x00000000c1e00000, 0x00000000c1f00000, 0x00000000c1f00000|100%| O|  |TAMS 0x00000000c1f00000, 0x00000000c1e00000| Untracked 
|   9|0x00000000c1f00000, 0x00000000c2000000, 0x00000000c2000000|100%| O|  |TAMS 0x00000000c2000000, 0x00000000c1f00000| Untracked 
|  10|0x00000000c2000000, 0x00000000c2100000, 0x00000000c2100000|100%| O|  |TAMS 0x00000000c2100000, 0x00000000c2000000| Untracked 
|  11|0x00000000c2100000, 0x00000000c2200000, 0x00000000c2200000|100%| O|  |TAMS 0x00000000c2200000, 0x00000000c2100000| Untracked 
|  12|0x00000000c2200000, 0x00000000c2300000, 0x00000000c2300000|100%| O|  |TAMS 0x00000000c2200000, 0x00000000c2200000| Untracked 
|  13|0x00000000c2300000, 0x00000000c2400000, 0x00000000c2400000|100%| O|  |TAMS 0x00000000c23c3a00, 0x00000000c2300000| Untracked 
|  14|0x00000000c2400000, 0x00000000c2500000, 0x00000000c2500000|100%| O|  |TAMS 0x00000000c2400000, 0x00000000c2400000| Untracked 
|  15|0x00000000c2500000, 0x00000000c2600000, 0x00000000c2600000|100%| O|  |TAMS 0x00000000c2500000, 0x00000000c2500000| Untracked 
|  16|0x00000000c2600000, 0x00000000c2700000, 0x00000000c2700000|100%| O|  |TAMS 0x00000000c2600000, 0x00000000c2600000| Untracked 
|  17|0x00000000c2700000, 0x00000000c2800000, 0x00000000c2800000|100%| O|  |TAMS 0x00000000c2700000, 0x00000000c2700000| Untracked 
|  18|0x00000000c2800000, 0x00000000c2900000, 0x00000000c2900000|100%| O|  |TAMS 0x00000000c2800000, 0x00000000c2800000| Untracked 
|  19|0x00000000c2900000, 0x00000000c2a00000, 0x00000000c2a00000|100%| O|  |TAMS 0x00000000c2900000, 0x00000000c2900000| Untracked 
|  20|0x00000000c2a00000, 0x00000000c2b00000, 0x00000000c2b00000|100%| O|  |TAMS 0x00000000c2a00000, 0x00000000c2a00000| Untracked 
|  21|0x00000000c2b00000, 0x00000000c2b22a00, 0x00000000c2c00000| 13%| O|  |TAMS 0x00000000c2b00000, 0x00000000c2b00000| Untracked 
|  22|0x00000000c2c00000, 0x00000000c2c00000, 0x00000000c2d00000|  0%| F|  |TAMS 0x00000000c2c00000, 0x00000000c2c00000| Untracked 
|  23|0x00000000c2d00000, 0x00000000c2d00000, 0x00000000c2e00000|  0%| F|  |TAMS 0x00000000c2d00000, 0x00000000c2d00000| Untracked 
|  24|0x00000000c2e00000, 0x00000000c2e00000, 0x00000000c2f00000|  0%| F|  |TAMS 0x00000000c2e00000, 0x00000000c2e00000| Untracked 
|  25|0x00000000c2f00000, 0x00000000c2f00000, 0x00000000c3000000|  0%| F|  |TAMS 0x00000000c2f00000, 0x00000000c2f00000| Untracked 
|  26|0x00000000c3000000, 0x00000000c3058830, 0x00000000c3100000| 34%| S|CS|TAMS 0x00000000c3000000, 0x00000000c3000000| Complete 
|  27|0x00000000c3100000, 0x00000000c3200000, 0x00000000c3200000|100%| S|CS|TAMS 0x00000000c3100000, 0x00000000c3100000| Complete 
|  28|0x00000000c3200000, 0x00000000c3300000, 0x00000000c3300000|100%| S|CS|TAMS 0x00000000c3200000, 0x00000000c3200000| Complete 
|  29|0x00000000c3300000, 0x00000000c3300000, 0x00000000c3400000|  0%| F|  |TAMS 0x00000000c3300000, 0x00000000c3300000| Untracked 
|  30|0x00000000c3400000, 0x00000000c3400000, 0x00000000c3500000|  0%| F|  |TAMS 0x00000000c3400000, 0x00000000c3400000| Untracked 
|  31|0x00000000c3500000, 0x00000000c3500000, 0x00000000c3600000|  0%| F|  |TAMS 0x00000000c3500000, 0x00000000c3500000| Untracked 
|  32|0x00000000c3600000, 0x00000000c3600000, 0x00000000c3700000|  0%| F|  |TAMS 0x00000000c3600000, 0x00000000c3600000| Untracked 
|  33|0x00000000c3700000, 0x00000000c3700000, 0x00000000c3800000|  0%| F|  |TAMS 0x00000000c3700000, 0x00000000c3700000| Untracked 
|  34|0x00000000c3800000, 0x00000000c3800000, 0x00000000c3900000|  0%| F|  |TAMS 0x00000000c3800000, 0x00000000c3800000| Untracked 
|  35|0x00000000c3900000, 0x00000000c3900000, 0x00000000c3a00000|  0%| F|  |TAMS 0x00000000c3900000, 0x00000000c3900000| Untracked 
|  36|0x00000000c3a00000, 0x00000000c3a00000, 0x00000000c3b00000|  0%| F|  |TAMS 0x00000000c3a00000, 0x00000000c3a00000| Untracked 
|  37|0x00000000c3b00000, 0x00000000c3b00000, 0x00000000c3c00000|  0%| F|  |TAMS 0x00000000c3b00000, 0x00000000c3b00000| Untracked 
|  38|0x00000000c3c00000, 0x00000000c3c00000, 0x00000000c3d00000|  0%| F|  |TAMS 0x00000000c3c00000, 0x00000000c3c00000| Untracked 
|  39|0x00000000c3d00000, 0x00000000c3d00000, 0x00000000c3e00000|  0%| F|  |TAMS 0x00000000c3d00000, 0x00000000c3d00000| Untracked 
|  40|0x00000000c3e00000, 0x00000000c3e00000, 0x00000000c3f00000|  0%| F|  |TAMS 0x00000000c3e00000, 0x00000000c3e00000| Untracked 
|  41|0x00000000c3f00000, 0x00000000c3f00000, 0x00000000c4000000|  0%| F|  |TAMS 0x00000000c3f00000, 0x00000000c3f00000| Untracked 
|  42|0x00000000c4000000, 0x00000000c4000000, 0x00000000c4100000|  0%| F|  |TAMS 0x00000000c4000000, 0x00000000c4000000| Untracked 
|  43|0x00000000c4100000, 0x00000000c4100000, 0x00000000c4200000|  0%| F|  |TAMS 0x00000000c4100000, 0x00000000c4100000| Untracked 
|  44|0x00000000c4200000, 0x00000000c4200000, 0x00000000c4300000|  0%| F|  |TAMS 0x00000000c4200000, 0x00000000c4200000| Untracked 
|  45|0x00000000c4300000, 0x00000000c43a5bb8, 0x00000000c4400000| 64%| E|  |TAMS 0x00000000c4300000, 0x00000000c4300000| Complete 
|  46|0x00000000c4400000, 0x00000000c4500000, 0x00000000c4500000|100%| E|CS|TAMS 0x00000000c4400000, 0x00000000c4400000| Complete 
|  47|0x00000000c4500000, 0x00000000c4600000, 0x00000000c4600000|100%| E|CS|TAMS 0x00000000c4500000, 0x00000000c4500000| Complete 
|  48|0x00000000c4600000, 0x00000000c4700000, 0x00000000c4700000|100%| E|CS|TAMS 0x00000000c4600000, 0x00000000c4600000| Complete 
|  49|0x00000000c4700000, 0x00000000c4800000, 0x00000000c4800000|100%| E|CS|TAMS 0x00000000c4700000, 0x00000000c4700000| Complete 
|  50|0x00000000c4800000, 0x00000000c4900000, 0x00000000c4900000|100%| E|CS|TAMS 0x00000000c4800000, 0x00000000c4800000| Complete 
|  51|0x00000000c4900000, 0x00000000c4a00000, 0x00000000c4a00000|100%| E|CS|TAMS 0x00000000c4900000, 0x00000000c4900000| Complete 
|  63|0x00000000c5500000, 0x00000000c5600000, 0x00000000c5600000|100%| E|CS|TAMS 0x00000000c5500000, 0x00000000c5500000| Complete 

Card table byte_map: [0x000001e5d93a0000,0x000001e5d95a0000] _byte_map_base: 0x000001e5d8d95000

Marking Bits (Prev, Next): (CMBitMap*) 0x000001e5c22761d0, (CMBitMap*) 0x000001e5c2276210
 Prev Bits: [0x000001e5d97a0000, 0x000001e5da748000)
 Next Bits: [0x000001e5da750000, 0x000001e5db6f8000)

Polling page: 0x000001e5c1a00000

Metaspace:

Usage:
  Non-class:     49.19 MB used.
      Class:      7.13 MB used.
       Both:     56.32 MB used.

Virtual space:
  Non-class space:       64.00 MB reserved,      49.44 MB ( 77%) committed,  1 nodes.
      Class space:        1.00 GB reserved,       7.31 MB ( <1%) committed,  1 nodes.
             Both:        1.06 GB reserved,      56.75 MB (  5%) committed. 

Chunk freelists:
   Non-Class:  2.61 MB
       Class:  687.00 KB
        Both:  3.28 MB

MaxMetaspaceSize: unlimited
CompressedClassSpaceSize: 1.00 GB
Initial GC threshold: 21.00 MB
Current GC threshold: 59.19 MB
CDS: on
MetaspaceReclaimPolicy: balanced
 - commit_granule_bytes: 65536.
 - commit_granule_words: 8192.
 - virtual_space_node_default_size: 8388608.
 - enlarge_chunks_in_place: 1.
 - new_chunks_are_fully_committed: 0.
 - uncommit_free_chunks: 1.
 - use_allocation_guard: 0.


Internal statistics:

num_allocs_failed_limit: 9.
num_arena_births: 494.
num_arena_deaths: 0.
num_vsnodes_births: 2.
num_vsnodes_deaths: 0.
num_space_committed: 908.
num_space_uncommitted: 0.
num_chunks_returned_to_freelist: 9.
num_chunks_taken_from_freelist: 2381.
num_chunk_merges: 6.
num_chunk_splits: 1746.
num_chunks_enlarged: 1453.
num_inconsistent_stats: 0.

CodeHeap 'non-profiled nmethods': size=120000Kb used=3469Kb max_used=3469Kb free=116530Kb
 bounds [0x000001e5d1c70000, 0x000001e5d1fe0000, 0x000001e5d91a0000]
CodeHeap 'profiled nmethods': size=120000Kb used=9751Kb max_used=9751Kb free=110248Kb
 bounds [0x000001e5ca1a0000, 0x000001e5cab30000, 0x000001e5d16d0000]
CodeHeap 'non-nmethods': size=5760Kb used=1474Kb max_used=1517Kb free=4285Kb
 bounds [0x000001e5d16d0000, 0x000001e5d1940000, 0x000001e5d1c70000]
 total_blobs=5492 nmethods=4840 adapters=562
 compilation: enabled
              stopped_count=0, restarted_count=0
 full_count=0

Compilation events (20 events):
Event: 313.320 Thread 0x000001e5ddbba920 5505       3       java.util.concurrent.ScheduledThreadPoolExecutor$ScheduledFutureTask::setNextRunTime (38 bytes)
Event: 313.321 Thread 0x000001e5ddbba920 nmethod 5505 0x000001e5cab21690 code [0x000001e5cab21840, 0x000001e5cab21a68]
Event: 313.321 Thread 0x000001e5ddbba920 5506       3       java.util.concurrent.ScheduledThreadPoolExecutor::reExecutePeriodic (49 bytes)
Event: 313.322 Thread 0x000001e5ddbba920 nmethod 5506 0x000001e5cab21b90 code [0x000001e5cab21dc0, 0x000001e5cab22448]
Event: 316.331 Thread 0x000001e5ddbba920 5507   !   3       java.util.concurrent.locks.AbstractQueuedSynchronizer$ConditionObject::await (183 bytes)
Event: 316.335 Thread 0x000001e5ddbba920 nmethod 5507 0x000001e5cab22690 code [0x000001e5cab22a20, 0x000001e5cab24118]
Event: 327.459 Thread 0x000001e5ddbba920 5508       3       java.util.concurrent.CopyOnWriteArrayList::iterator (13 bytes)
Event: 327.460 Thread 0x000001e5ddbba920 nmethod 5508 0x000001e5cab24990 code [0x000001e5cab24b40, 0x000001e5cab24dd8]
Event: 343.331 Thread 0x000001e5ddbb8fa0 5509       4       jdk.internal.misc.Unsafe::putIntOpaque (9 bytes)
Event: 343.332 Thread 0x000001e5ddbb8fa0 nmethod 5509 0x000001e5d1fd2910 code [0x000001e5d1fd2a80, 0x000001e5d1fd2b18]
Event: 377.502 Thread 0x000001e5ddbba920 5510       3       java.util.HashMap$Values::toArray (16 bytes)
Event: 377.503 Thread 0x000001e5ddbba920 nmethod 5510 0x000001e5cab24f10 code [0x000001e5cab250c0, 0x000001e5cab252d8]
Event: 385.332 Thread 0x000001e5ddbb8fa0 5511       4       java.util.concurrent.locks.AbstractQueuedSynchronizer$Node::setStatusRelaxed (12 bytes)
Event: 385.333 Thread 0x000001e5ddbb8fa0 nmethod 5511 0x000001e5d1fd2c10 code [0x000001e5d1fd2d80, 0x000001e5d1fd2df8]
Event: 401.530 Thread 0x000001e5ddbba920 5512       3       sun.nio.ch.SelectorImpl::select (35 bytes)
Event: 401.531 Thread 0x000001e5ddbba920 nmethod 5512 0x000001e5cab25410 code [0x000001e5cab255e0, 0x000001e5cab258d8]
Event: 401.533 Thread 0x000001e5ddbba920 5513   !   3       sun.nio.ch.WEPollSelectorImpl::doSelect (132 bytes)
Event: 401.535 Thread 0x000001e5ddbba920 nmethod 5513 0x000001e5cab25a10 code [0x000001e5cab25ce0, 0x000001e5cab268e8]
Event: 402.540 Thread 0x000001e5ddbba920 5515       3       java.util.concurrent.atomic.AtomicLong::set (12 bytes)
Event: 402.541 Thread 0x000001e5ddbba920 nmethod 5515 0x000001e5cab26f10 code [0x000001e5cab270a0, 0x000001e5cab271d8]

GC Heap History (20 events):
Event: 9.811 GC heap before
{Heap before GC invocations=14 (full 0):
 garbage-first heap   total 54272K, used 21680K [0x00000000c1600000, 0x0000000100000000)
  region size 1024K, 9 young (9216K), 3 survivors (3072K)
 Metaspace       used 35691K, committed 35968K, reserved 1114112K
  class space    used 4420K, committed 4544K, reserved 1048576K
}
Event: 9.816 GC heap after
{Heap after GC invocations=15 (full 0):
 garbage-first heap   total 54272K, used 16975K [0x00000000c1600000, 0x0000000100000000)
  region size 1024K, 2 young (2048K), 2 survivors (2048K)
 Metaspace       used 35691K, committed 35968K, reserved 1114112K
  class space    used 4420K, committed 4544K, reserved 1048576K
}
Event: 11.182 GC heap before
{Heap before GC invocations=16 (full 0):
 garbage-first heap   total 54272K, used 42575K [0x00000000c1600000, 0x0000000100000000)
  region size 1024K, 27 young (27648K), 2 survivors (2048K)
 Metaspace       used 41181K, committed 41536K, reserved 1114112K
  class space    used 5061K, committed 5184K, reserved 1048576K
}
Event: 11.187 GC heap after
{Heap after GC invocations=17 (full 0):
 garbage-first heap   total 54272K, used 18111K [0x00000000c1600000, 0x0000000100000000)
  region size 1024K, 3 young (3072K), 3 survivors (3072K)
 Metaspace       used 41181K, committed 41536K, reserved 1114112K
  class space    used 5061K, committed 5184K, reserved 1048576K
}
Event: 11.249 GC heap before
{Heap before GC invocations=17 (full 0):
 garbage-first heap   total 54272K, used 19135K [0x00000000c1600000, 0x0000000100000000)
  region size 1024K, 4 young (4096K), 3 survivors (3072K)
 Metaspace       used 41327K, committed 41728K, reserved 1114112K
  class space    used 5088K, committed 5248K, reserved 1048576K
}
Event: 11.255 GC heap after
{Heap after GC invocations=18 (full 0):
 garbage-first heap   total 54272K, used 18128K [0x00000000c1600000, 0x0000000100000000)
  region size 1024K, 1 young (1024K), 1 survivors (1024K)
 Metaspace       used 41327K, committed 41728K, reserved 1114112K
  class space    used 5088K, committed 5248K, reserved 1048576K
}
Event: 11.948 GC heap before
{Heap before GC invocations=18 (full 0):
 garbage-first heap   total 54272K, used 41680K [0x00000000c1600000, 0x0000000100000000)
  region size 1024K, 25 young (25600K), 1 survivors (1024K)
 Metaspace       used 43670K, committed 44032K, reserved 1114112K
  class space    used 5435K, committed 5568K, reserved 1048576K
}
Event: 11.951 GC heap after
{Heap after GC invocations=19 (full 0):
 garbage-first heap   total 54272K, used 18581K [0x00000000c1600000, 0x0000000100000000)
  region size 1024K, 1 young (1024K), 1 survivors (1024K)
 Metaspace       used 43670K, committed 44032K, reserved 1114112K
  class space    used 5435K, committed 5568K, reserved 1048576K
}
Event: 12.990 GC heap before
{Heap before GC invocations=19 (full 0):
 garbage-first heap   total 54272K, used 42133K [0x00000000c1600000, 0x0000000100000000)
  region size 1024K, 25 young (25600K), 1 survivors (1024K)
 Metaspace       used 46445K, committed 46784K, reserved 1114112K
  class space    used 5763K, committed 5888K, reserved 1048576K
}
Event: 12.994 GC heap after
{Heap after GC invocations=20 (full 0):
 garbage-first heap   total 54272K, used 19367K [0x00000000c1600000, 0x0000000100000000)
  region size 1024K, 2 young (2048K), 2 survivors (2048K)
 Metaspace       used 46445K, committed 46784K, reserved 1114112K
  class space    used 5763K, committed 5888K, reserved 1048576K
}
Event: 13.987 GC heap before
{Heap before GC invocations=20 (full 0):
 garbage-first heap   total 54272K, used 42919K [0x00000000c1600000, 0x0000000100000000)
  region size 1024K, 25 young (25600K), 2 survivors (2048K)
 Metaspace       used 48718K, committed 49088K, reserved 1114112K
  class space    used 6192K, committed 6336K, reserved 1048576K
}
Event: 13.991 GC heap after
{Heap after GC invocations=21 (full 0):
 garbage-first heap   total 54272K, used 19598K [0x00000000c1600000, 0x0000000100000000)
  region size 1024K, 2 young (2048K), 2 survivors (2048K)
 Metaspace       used 48718K, committed 49088K, reserved 1114112K
  class space    used 6192K, committed 6336K, reserved 1048576K
}
Event: 15.554 GC heap before
{Heap before GC invocations=21 (full 0):
 garbage-first heap   total 54272K, used 43150K [0x00000000c1600000, 0x0000000100000000)
  region size 1024K, 26 young (26624K), 2 survivors (2048K)
 Metaspace       used 51166K, committed 51584K, reserved 1114112K
  class space    used 6471K, committed 6656K, reserved 1048576K
}
Event: 15.560 GC heap after
{Heap after GC invocations=22 (full 0):
 garbage-first heap   total 54272K, used 20694K [0x00000000c1600000, 0x0000000100000000)
  region size 1024K, 3 young (3072K), 3 survivors (3072K)
 Metaspace       used 51166K, committed 51584K, reserved 1114112K
  class space    used 6471K, committed 6656K, reserved 1048576K
}
Event: 16.347 GC heap before
{Heap before GC invocations=22 (full 0):
 garbage-first heap   total 54272K, used 44246K [0x00000000c1600000, 0x0000000100000000)
  region size 1024K, 26 young (26624K), 3 survivors (3072K)
 Metaspace       used 53003K, committed 53440K, reserved 1114112K
  class space    used 6750K, committed 6976K, reserved 1048576K
}
Event: 16.354 GC heap after
{Heap after GC invocations=23 (full 0):
 garbage-first heap   total 54272K, used 21759K [0x00000000c1600000, 0x0000000100000000)
  region size 1024K, 4 young (4096K), 4 survivors (4096K)
 Metaspace       used 53003K, committed 53440K, reserved 1114112K
  class space    used 6750K, committed 6976K, reserved 1048576K
}
Event: 16.790 GC heap before
{Heap before GC invocations=23 (full 0):
 garbage-first heap   total 54272K, used 42239K [0x00000000c1600000, 0x0000000100000000)
  region size 1024K, 24 young (24576K), 4 survivors (4096K)
 Metaspace       used 54558K, committed 55040K, reserved 1114112K
  class space    used 6949K, committed 7168K, reserved 1048576K
}
Event: 16.798 GC heap after
{Heap after GC invocations=24 (full 0):
 garbage-first heap   total 54272K, used 22914K [0x00000000c1600000, 0x0000000100000000)
  region size 1024K, 3 young (3072K), 3 survivors (3072K)
 Metaspace       used 54558K, committed 55040K, reserved 1114112K
  class space    used 6949K, committed 7168K, reserved 1048576K
}
Event: 23.788 GC heap before
{Heap before GC invocations=24 (full 0):
 garbage-first heap   total 54272K, used 43394K [0x00000000c1600000, 0x0000000100000000)
  region size 1024K, 24 young (24576K), 3 survivors (3072K)
 Metaspace       used 56645K, committed 57024K, reserved 1114112K
  class space    used 7193K, committed 7360K, reserved 1048576K
}
Event: 23.794 GC heap after
{Heap after GC invocations=25 (full 0):
 garbage-first heap   total 54272K, used 24044K [0x00000000c1600000, 0x0000000100000000)
  region size 1024K, 3 young (3072K), 3 survivors (3072K)
 Metaspace       used 56645K, committed 57024K, reserved 1114112K
  class space    used 7193K, committed 7360K, reserved 1048576K
}

Dll operation events (13 events):
Event: 0.009 Loaded shared library C:\Program Files\Java\jdk-19\bin\java.dll
Event: 0.020 Loaded shared library C:\Program Files\Java\jdk-19\bin\jsvml.dll
Event: 0.338 Loaded shared library C:\Program Files\Java\jdk-19\bin\zip.dll
Event: 0.342 Loaded shared library C:\Program Files\Java\jdk-19\bin\instrument.dll
Event: 0.350 Loaded shared library C:\Program Files\Java\jdk-19\bin\net.dll
Event: 0.351 Loaded shared library C:\Program Files\Java\jdk-19\bin\nio.dll
Event: 0.355 Loaded shared library C:\Program Files\Java\jdk-19\bin\zip.dll
Event: 0.552 Loaded shared library C:\Program Files\Java\jdk-19\bin\jimage.dll
Event: 0.628 Loaded shared library C:\Program Files\Java\jdk-19\bin\verify.dll
Event: 1.882 Loaded shared library C:\Program Files\Java\jdk-19\bin\management.dll
Event: 1.886 Loaded shared library C:\Program Files\Java\jdk-19\bin\management_ext.dll
Event: 6.921 Loaded shared library C:\Program Files\Java\jdk-19\bin\sunmscapi.dll
Event: 10.050 Loaded shared library C:\Program Files\Java\jdk-19\bin\extnet.dll

Deoptimization events (20 events):
Event: 23.822 Thread 0x000001e5e88cca20 Uncommon trap: trap_request=0xffffff97 fr.pc=0x000001e5d1e1b0d0 relative=0x0000000000000110
Event: 23.822 Thread 0x000001e5e88cca20 Uncommon trap: reason=unhandled action=none pc=0x000001e5d1e1b0d0 method=jdk.internal.loader.BuiltinClassLoader.loadClass(Ljava/lang/String;Z)Ljava/lang/Class; @ 19 c2
Event: 23.822 Thread 0x000001e5e88cca20 DEOPT PACKING pc=0x000001e5d1e1b0d0 sp=0x000000ca9dbfdc30
Event: 23.822 Thread 0x000001e5e88cca20 DEOPT UNPACKING pc=0x000001e5d1736da3 sp=0x000000ca9dbfdaf8 mode 2
Event: 23.845 Thread 0x000001e5e88cca20 Uncommon trap: trap_request=0xffffff45 fr.pc=0x000001e5d1e5d000 relative=0x0000000000000060
Event: 23.845 Thread 0x000001e5e88cca20 Uncommon trap: reason=unstable_if action=reinterpret pc=0x000001e5d1e5d000 method=java.util.Objects.equals(Ljava/lang/Object;Ljava/lang/Object;)Z @ 6 c2
Event: 23.845 Thread 0x000001e5e88cca20 DEOPT PACKING pc=0x000001e5d1e5d000 sp=0x000000ca9dbfc770
Event: 23.845 Thread 0x000001e5e88cca20 DEOPT UNPACKING pc=0x000001e5d1736da3 sp=0x000000ca9dbfc710 mode 2
Event: 23.950 Thread 0x000001e5e88cca20 Uncommon trap: trap_request=0xffffff45 fr.pc=0x000001e5d1ef4070 relative=0x0000000000000330
Event: 23.951 Thread 0x000001e5e88cca20 Uncommon trap: reason=unstable_if action=reinterpret pc=0x000001e5d1ef4070 method=java.util.HashMap.getNode(Ljava/lang/Object;)Ljava/util/HashMap$Node; @ 66 c2
Event: 23.951 Thread 0x000001e5e88cca20 DEOPT PACKING pc=0x000001e5d1ef4070 sp=0x000000ca9dbfcbc0
Event: 23.951 Thread 0x000001e5e88cca20 DEOPT UNPACKING pc=0x000001e5d1736da3 sp=0x000000ca9dbfcb10 mode 2
Event: 23.965 Thread 0x000001e5e88cca20 Uncommon trap: trap_request=0xffffff45 fr.pc=0x000001e5d1d00ac4 relative=0x00000000000000a4
Event: 23.965 Thread 0x000001e5e88cca20 Uncommon trap: reason=unstable_if action=reinterpret pc=0x000001e5d1d00ac4 method=java.lang.Integer.stringSize(I)I @ 3 c2
Event: 23.965 Thread 0x000001e5e88cca20 DEOPT PACKING pc=0x000001e5d1d00ac4 sp=0x000000ca9dbfc850
Event: 23.965 Thread 0x000001e5e88cca20 DEOPT UNPACKING pc=0x000001e5d1736da3 sp=0x000000ca9dbfc7d8 mode 2
Event: 23.965 Thread 0x000001e5e88cca20 Uncommon trap: trap_request=0xffffff45 fr.pc=0x000001e5d1d00f18 relative=0x00000000000001f8
Event: 23.965 Thread 0x000001e5e88cca20 Uncommon trap: reason=unstable_if action=reinterpret pc=0x000001e5d1d00f18 method=java.lang.Integer.getChars(II[B)I @ 4 c2
Event: 23.965 Thread 0x000001e5e88cca20 DEOPT PACKING pc=0x000001e5d1d00f18 sp=0x000000ca9dbfc820
Event: 23.965 Thread 0x000001e5e88cca20 DEOPT UNPACKING pc=0x000001e5d1736da3 sp=0x000000ca9dbfc7c0 mode 2

Classes loaded (20 events):
Event: 23.868 Loading class java/util/OptionalLong
Event: 23.875 Loading class java/util/OptionalLong done
Event: 23.875 Loading class java/util/OptionalDouble
Event: 23.875 Loading class java/util/OptionalDouble done
Event: 23.903 Loading class java/util/concurrent/atomic/AtomicReferenceArray
Event: 23.911 Loading class java/util/concurrent/atomic/AtomicReferenceArray done
Event: 23.911 Loading class java/lang/invoke/VarHandleReferences$Array
Event: 23.912 Loading class java/lang/invoke/VarHandleReferences$Array done
Event: 23.931 Loading class java/util/stream/LongStream
Event: 23.932 Loading class java/util/stream/LongStream done
Event: 23.932 Loading class java/util/stream/DoubleStream
Event: 23.933 Loading class java/util/stream/DoubleStream done
Event: 23.967 Loading class java/nio/StringCharBuffer
Event: 23.968 Loading class java/nio/StringCharBuffer done
Event: 23.968 Loading class sun/nio/cs/ISO_8859_1$Encoder
Event: 23.968 Loading class sun/nio/cs/ISO_8859_1$Encoder done
Event: 23.968 Loading class sun/nio/cs/Surrogate$Parser
Event: 23.968 Loading class sun/nio/cs/Surrogate$Parser done
Event: 23.968 Loading class sun/nio/cs/Surrogate
Event: 23.968 Loading class sun/nio/cs/Surrogate done

Classes unloaded (0 events):
No events

Classes redefined (0 events):
No events

Internal exceptions (20 events):
Event: 15.608 Thread 0x000001e5c2234480 Exception <a 'java/lang/ClassNotFoundException'{0x00000000c4775e90}: com/example/accessingdatamysql/UserCustomizer> (0x00000000c4775e90) 
thrown [s\open\src\hotspot\share\classfile\systemDictionary.cpp, line 255]
Event: 15.638 Thread 0x000001e5c2234480 Exception <a 'java/lang/NoSuchMethodError'{0x00000000c45145b0}: 'int java.lang.invoke.DirectMethodHandle$Holder.invokeVirtual(java.lang.Object, java.lang.Object, java.lang.Object)'> (0x00000000c45145b0) 
thrown [s\open\src\hotspot\share\interpreter\linkResolver.cpp, line 774]
Event: 15.696 Thread 0x000001e5c2234480 Exception <a 'java/lang/IncompatibleClassChangeError'{0x00000000c4235750}: Found class java.lang.Object, but interface was expected> (0x00000000c4235750) 
thrown [s\open\src\hotspot\share\interpreter\linkResolver.cpp, line 841]
Event: 16.292 Thread 0x000001e5c2234480 Exception <a 'java/lang/ClassNotFoundException'{0x00000000c3532538}: java/lang/ObjectCustomizer> (0x00000000c3532538) 
thrown [s\open\src\hotspot\share\classfile\systemDictionary.cpp, line 255]
Event: 16.293 Thread 0x000001e5c2234480 Exception <a 'java/lang/ClassNotFoundException'{0x00000000c3538830}: org/springframework/web/servlet/config/annotation/WebMvcConfigurationSupportCustomizer> (0x00000000c3538830) 
thrown [s\open\src\hotspot\share\classfile\systemDictionary.cpp, line 255]
Event: 16.296 Thread 0x000001e5c2234480 Exception <a 'java/lang/ClassNotFoundException'{0x00000000c354ad30}: org/springframework/web/servlet/config/annotation/DelegatingWebMvcConfigurationCustomizer> (0x00000000c354ad30) 
thrown [s\open\src\hotspot\share\classfile\systemDictionary.cpp, line 255]
Event: 16.297 Thread 0x000001e5c2234480 Exception <a 'java/lang/ClassNotFoundException'{0x00000000c3552510}: org/springframework/boot/autoconfigure/web/servlet/WebMvcAutoConfiguration$EnableWebMvcConfigurationCustomizer> (0x00000000c3552510) 
thrown [s\open\src\hotspot\share\classfile\systemDictionary.cpp, line 255]
Event: 16.299 Thread 0x000001e5c2234480 Exception <a 'java/lang/ClassNotFoundException'{0x00000000c3562da0}: org/springframework/context/ResourceLoaderAwareCustomizer> (0x00000000c3562da0) 
thrown [s\open\src\hotspot\share\classfile\systemDictionary.cpp, line 255]
Event: 16.301 Thread 0x000001e5c2234480 Exception <a 'java/lang/ClassNotFoundException'{0x00000000c3566580}: org/springframework/beans/factory/AwareCustomizer> (0x00000000c3566580) 
thrown [s\open\src\hotspot\share\classfile\systemDictionary.cpp, line 255]
Event: 16.301 Thread 0x000001e5c2234480 Exception <a 'java/lang/ClassNotFoundException'{0x00000000c35690f0}: org/springframework/context/ApplicationContextAwareCustomizer> (0x00000000c35690f0) 
thrown [s\open\src\hotspot\share\classfile\systemDictionary.cpp, line 255]
Event: 16.302 Thread 0x000001e5c2234480 Exception <a 'java/lang/ClassNotFoundException'{0x00000000c356d3c0}: org/springframework/beans/factory/AwareCustomizer> (0x00000000c356d3c0) 
thrown [s\open\src\hotspot\share\classfile\systemDictionary.cpp, line 255]
Event: 16.303 Thread 0x000001e5c2234480 Exception <a 'java/lang/ClassNotFoundException'{0x00000000c356ff08}: org/springframework/web/context/ServletContextAwareCustomizer> (0x00000000c356ff08) 
thrown [s\open\src\hotspot\share\classfile\systemDictionary.cpp, line 255]
Event: 16.304 Thread 0x000001e5c2234480 Exception <a 'java/lang/ClassNotFoundException'{0x00000000c3573dd8}: org/springframework/beans/factory/AwareCustomizer> (0x00000000c3573dd8) 
thrown [s\open\src\hotspot\share\classfile\systemDictionary.cpp, line 255]
Event: 16.306 Thread 0x000001e5c2234480 Exception <a 'java/lang/NoSuchMethodError'{0x00000000c35877a0}: 'java.lang.Object java.lang.invoke.DirectMethodHandle$Holder.newInvokeSpecial(java.lang.Object, java.lang.Object, java.lang.Object, java.lang.Object, java.lang.Object, java.lang.Object, java.lang.Object, java.lang.Object)'> (0x00000000c35877a0) 
thrown [s\open\src\hotspot\share\interpreter\linkResolver.cpp, line 774]
Event: 16.590 Thread 0x000001e5c2234480 Exception <a 'java/lang/NoSuchMethodError'{0x00000000c42f15b8}: 'void java.lang.invoke.DirectMethodHandle$Holder.invokeVirtual(java.lang.Object, java.lang.Object, long)'> (0x00000000c42f15b8) 
thrown [s\open\src\hotspot\share\interpreter\linkResolver.cpp, line 774]
Event: 16.822 Thread 0x000001e5c2234480 Exception <a 'java/lang/IncompatibleClassChangeError'{0x00000000c55f2620}: Found class java.lang.Object, but interface was expected> (0x00000000c55f2620) 
thrown [s\open\src\hotspot\share\interpreter\linkResolver.cpp, line 841]
Event: 16.884 Thread 0x000001e5c2234480 Exception <a 'java/lang/NoSuchMethodError'{0x00000000c47c9ff0}: 'int java.lang.invoke.DirectMethodHandle$Holder.invokeStaticInit(java.lang.Object, java.lang.Object, java.lang.Object, java.lang.Object)'> (0x00000000c47c9ff0) 
thrown [s\open\src\hotspot\share\interpreter\linkResolver.cpp, line 774]
Event: 17.037 Thread 0x000001e5c2234480 Exception <a 'java/lang/NoSuchMethodError'{0x00000000c4100928}: 'java.lang.Object java.lang.invoke.DirectMethodHandle$Holder.invokeSpecial(java.lang.Object, java.lang.Object, int, java.lang.Object, int, java.lang.Object)'> (0x00000000c4100928) 
thrown [s\open\src\hotspot\share\interpreter\linkResolver.cpp, line 774]
Event: 17.038 Thread 0x000001e5c2234480 Exception <a 'java/lang/NoSuchMethodError'{0x00000000c4108700}: 'java.lang.Object java.lang.invoke.DirectMethodHandle$Holder.newInvokeSpecial(java.lang.Object, java.lang.Object, int, java.lang.Object, int)'> (0x00000000c4108700) 
thrown [s\open\src\hotspot\share\interpreter\linkResolver.cpp, line 774]
Event: 17.038 Thread 0x000001e5c2234480 Exception <a 'java/lang/NoSuchMethodError'{0x00000000c410c818}: 'java.lang.Object java.lang.invoke.DirectMethodHandle$Holder.invokeSpecial(java.lang.Object, java.lang.Object, java.lang.Object, int, java.lang.Object, int)'> (0x00000000c410c818) 
thrown [s\open\src\hotspot\share\interpreter\linkResolver.cpp, line 774]

VM Operations (20 events):
Event: 94.415 Executing VM operation: Cleanup done
Event: 113.534 Executing VM operation: Cleanup
Event: 113.534 Executing VM operation: Cleanup done
Event: 167.924 Executing VM operation: Cleanup
Event: 167.924 Executing VM operation: Cleanup done
Event: 177.997 Executing VM operation: Cleanup
Event: 177.997 Executing VM operation: Cleanup done
Event: 206.159 Executing VM operation: Cleanup
Event: 206.160 Executing VM operation: Cleanup done
Event: 213.227 Executing VM operation: Cleanup
Event: 213.227 Executing VM operation: Cleanup done
Event: 216.249 Executing VM operation: Cleanup
Event: 216.249 Executing VM operation: Cleanup done
Event: 217.251 Executing VM operation: Cleanup
Event: 217.252 Executing VM operation: Cleanup done
Event: 267.643 Executing VM operation: Cleanup
Event: 267.643 Executing VM operation: Cleanup done
Event: 338.091 Executing VM operation: Cleanup
Event: 338.091 Executing VM operation: Cleanup done
Event: 403.139 Executing VM operation: RedefineClasses

Events (20 events):
Event: 10.668 Thread 0x000001e5ddbc5a70 flushing nmethod 0x000001e5caa69690
Event: 10.668 Thread 0x000001e5ddbc5a70 flushing nmethod 0x000001e5caa69c90
Event: 11.168 Thread 0x000001e5e2c34450 Thread added: 0x000001e5e2c34450
Event: 11.287 Thread 0x000001e5e88c9500 Thread added: 0x000001e5e88c9500
Event: 12.248 Thread 0x000001e5e2226880 Thread exited: 0x000001e5e2226880
Event: 16.689 Thread 0x000001e5e88c9500 Thread exited: 0x000001e5e88c9500
Event: 17.117 Thread 0x000001e5e88cca20 Thread added: 0x000001e5e88cca20
Event: 17.118 Thread 0x000001e5e88c7fc0 Thread added: 0x000001e5e88c7fc0
Event: 17.118 Thread 0x000001e5e88caf90 Thread added: 0x000001e5e88caf90
Event: 17.118 Thread 0x000001e5e88c9a50 Thread added: 0x000001e5e88c9a50
Event: 17.118 Thread 0x000001e5e88cd4c0 Thread added: 0x000001e5e88cd4c0
Event: 17.118 Thread 0x000001e5e88cbf80 Thread added: 0x000001e5e88cbf80
Event: 17.118 Thread 0x000001e5e88c5fe0 Thread added: 0x000001e5e88c5fe0
Event: 17.118 Thread 0x000001e5e88c6530 Thread added: 0x000001e5e88c6530
Event: 17.119 Thread 0x000001e5e88c9500 Thread added: 0x000001e5e88c9500
Event: 17.119 Thread 0x000001e5e88c7520 Thread added: 0x000001e5e88c7520
Event: 17.312 Thread 0x000001e5e88cda10 Thread added: 0x000001e5e88cda10
Event: 17.315 Thread 0x000001e5e88caa40 Thread added: 0x000001e5e88caa40
Event: 17.370 Thread 0x000001e5c2234480 Thread exited: 0x000001e5c2234480
Event: 17.370 Thread 0x000001e5e88ccf70 Thread added: 0x000001e5e88ccf70


Dynamic libraries:
0x00007ff6a2720000 - 0x00007ff6a2730000 	C:\Program Files\Java\jdk-19\bin\javaw.exe
0x00007ff932c10000 - 0x00007ff932e08000 	C:\Windows\SYSTEM32\ntdll.dll
0x00007ff9320e0000 - 0x00007ff93219d000 	C:\Windows\System32\KERNEL32.DLL
0x00007ff9304e0000 - 0x00007ff9307b2000 	C:\Windows\System32\KERNELBASE.dll
0x00007ff930920000 - 0x00007ff930a20000 	C:\Windows\System32\ucrtbase.dll
0x00007ff92cf90000 - 0x00007ff92cfab000 	C:\Program Files\Java\jdk-19\bin\VCRUNTIME140.dll
0x00007ff92ccd0000 - 0x00007ff92cce8000 	C:\Program Files\Java\jdk-19\bin\jli.dll
0x00007ff9310f0000 - 0x00007ff93119e000 	C:\Windows\System32\ADVAPI32.dll
0x00007ff930c70000 - 0x00007ff930d0e000 	C:\Windows\System32\msvcrt.dll
0x00007ff930e90000 - 0x00007ff930f2c000 	C:\Windows\System32\sechost.dll
0x00007ff9321b0000 - 0x00007ff9322d5000 	C:\Windows\System32\RPCRT4.dll
0x00007ff9317f0000 - 0x00007ff93198d000 	C:\Windows\System32\USER32.dll
0x00007ff930b20000 - 0x00007ff930b42000 	C:\Windows\System32\win32u.dll
0x00007ff921920000 - 0x00007ff921bba000 	C:\Windows\WinSxS\amd64_microsoft.windows.common-controls_6595b64144ccf1df_6.0.19041.1110_none_60b5254171f9507e\COMCTL32.dll
0x00007ff931390000 - 0x00007ff9313bb000 	C:\Windows\System32\GDI32.dll
0x00007ff930320000 - 0x00007ff93042f000 	C:\Windows\System32\gdi32full.dll
0x00007ff930b50000 - 0x00007ff930bed000 	C:\Windows\System32\msvcp_win.dll
0x00007ff91ff30000 - 0x00007ff91ff3a000 	C:\Windows\SYSTEM32\VERSION.dll
0x00007ff9327b0000 - 0x00007ff9327e0000 	C:\Windows\System32\IMM32.DLL
0x00007ff92c810000 - 0x00007ff92c81c000 	C:\Program Files\Java\jdk-19\bin\vcruntime140_1.dll
0x00007ff921890000 - 0x00007ff92191e000 	C:\Program Files\Java\jdk-19\bin\msvcp140.dll
0x00007ff8dc1f0000 - 0x00007ff8dceb0000 	C:\Program Files\Java\jdk-19\bin\server\jvm.dll
0x00007ff91e7e0000 - 0x00007ff91e807000 	C:\Windows\SYSTEM32\WINMM.dll
0x00007ff92ccc0000 - 0x00007ff92ccc9000 	C:\Windows\SYSTEM32\WSOCK32.dll
0x00007ff931720000 - 0x00007ff93178b000 	C:\Windows\System32\WS2_32.dll
0x00007ff92e1e0000 - 0x00007ff92e1f2000 	C:\Windows\SYSTEM32\kernel.appcore.dll
0x00007ff928e40000 - 0x00007ff928e4a000 	C:\Program Files\Java\jdk-19\bin\jimage.dll
0x00007ff91fca0000 - 0x00007ff91fe84000 	C:\Windows\SYSTEM32\DBGHELP.DLL
0x00007ff91fc20000 - 0x00007ff91fc4c000 	C:\Windows\SYSTEM32\dbgcore.DLL
0x00007ff930a90000 - 0x00007ff930b12000 	C:\Windows\System32\bcryptPrimitives.dll
0x00007ff92c2c0000 - 0x00007ff92c2fc000 	C:\Program Files\Java\jdk-19\bin\jdwp.dll
0x00007ff92c7c0000 - 0x00007ff92c7ce000 	C:\Program Files\Java\jdk-19\bin\instrument.dll
0x00007ff928b80000 - 0x00007ff928ba6000 	C:\Program Files\Java\jdk-19\bin\java.dll
0x00007ff90fa40000 - 0x00007ff90fb17000 	C:\Program Files\Java\jdk-19\bin\jsvml.dll
0x00007ff931990000 - 0x00007ff9320d3000 	C:\Windows\System32\SHELL32.dll
0x00007ff92e3e0000 - 0x00007ff92eb71000 	C:\Windows\SYSTEM32\windows.storage.dll
0x00007ff9313c0000 - 0x00007ff931714000 	C:\Windows\System32\combase.dll
0x00007ff92fd10000 - 0x00007ff92fd40000 	C:\Windows\SYSTEM32\Wldp.dll
0x00007ff9327e0000 - 0x00007ff93288d000 	C:\Windows\System32\SHCORE.dll
0x00007ff931330000 - 0x00007ff931385000 	C:\Windows\System32\shlwapi.dll
0x00007ff930260000 - 0x00007ff93027f000 	C:\Windows\SYSTEM32\profapi.dll
0x00007ff92c7b0000 - 0x00007ff92c7bc000 	C:\Program Files\Java\jdk-19\bin\dt_socket.dll
0x00007ff92f6f0000 - 0x00007ff92f72b000 	C:\Windows\SYSTEM32\IPHLPAPI.DLL
0x00007ff92fa00000 - 0x00007ff92fa6a000 	C:\Windows\system32\mswsock.dll
0x00007ff92f730000 - 0x00007ff92f7fa000 	C:\Windows\SYSTEM32\DNSAPI.dll
0x00007ff930f30000 - 0x00007ff930f38000 	C:\Windows\System32\NSI.dll
0x00007ff9272b0000 - 0x00007ff9272ba000 	C:\Windows\System32\rasadhlp.dll
0x00007ff927410000 - 0x00007ff927490000 	C:\Windows\System32\fwpuclnt.dll
0x00007ff930c40000 - 0x00007ff930c67000 	C:\Windows\System32\bcrypt.dll
0x00007ff922280000 - 0x00007ff922298000 	C:\Program Files\Java\jdk-19\bin\zip.dll
0x00007ff928b60000 - 0x00007ff928b73000 	C:\Program Files\Java\jdk-19\bin\net.dll
0x00007ff927300000 - 0x00007ff92740d000 	C:\Windows\SYSTEM32\WINHTTP.dll
0x00007ff9222a0000 - 0x00007ff9222b6000 	C:\Program Files\Java\jdk-19\bin\nio.dll
0x00007ff928e30000 - 0x00007ff928e40000 	C:\Program Files\Java\jdk-19\bin\verify.dll
0x00007ff92d410000 - 0x00007ff92d41a000 	C:\Program Files\Java\jdk-19\bin\management.dll
0x00007ff92d400000 - 0x00007ff92d40b000 	C:\Program Files\Java\jdk-19\bin\management_ext.dll
0x00007ff932bc0000 - 0x00007ff932bc8000 	C:\Windows\System32\PSAPI.DLL
0x00007ff919ce0000 - 0x00007ff919cf7000 	C:\Windows\system32\napinsp.dll
0x00007ff919cc0000 - 0x00007ff919cdb000 	C:\Windows\system32\pnrpnsp.dll
0x00007ff9183e0000 - 0x00007ff9183f5000 	C:\Windows\system32\wshbth.dll
0x00007ff92b980000 - 0x00007ff92b99d000 	C:\Windows\system32\NLAapi.dll
0x00007ff919ca0000 - 0x00007ff919cb2000 	C:\Windows\System32\winrnr.dll
0x00007ff92fc00000 - 0x00007ff92fc18000 	C:\Windows\SYSTEM32\CRYPTSP.dll
0x00007ff92f320000 - 0x00007ff92f354000 	C:\Windows\system32\rsaenh.dll
0x00007ff930220000 - 0x00007ff93024e000 	C:\Windows\SYSTEM32\USERENV.dll
0x00007ff92fbf0000 - 0x00007ff92fbfc000 	C:\Windows\SYSTEM32\CRYPTBASE.dll
0x00007ff928590000 - 0x00007ff9285a7000 	C:\Windows\SYSTEM32\dhcpcsvc6.DLL
0x00007ff929a10000 - 0x00007ff929a2d000 	C:\Windows\SYSTEM32\dhcpcsvc.DLL
0x00007ff91c520000 - 0x00007ff91c52e000 	C:\Program Files\Java\jdk-19\bin\sunmscapi.dll
0x00007ff9307c0000 - 0x00007ff930916000 	C:\Windows\System32\CRYPT32.dll
0x00007ff92fda0000 - 0x00007ff92fdc7000 	C:\Windows\SYSTEM32\ncrypt.dll
0x00007ff92fd40000 - 0x00007ff92fd7b000 	C:\Windows\SYSTEM32\NTASN1.dll
0x00007ff921670000 - 0x00007ff921678000 	C:\Program Files\Java\jdk-19\bin\extnet.dll
0x00007ff92c330000 - 0x00007ff92c337000 	C:\Windows\system32\wshunix.dll

dbghelp: loaded successfully - version: 4.0.5 - missing functions: none
symbol engine: initialized successfully - sym options: 0x614 - pdb path: .;C:\Program Files\Java\jdk-19\bin;C:\Windows\SYSTEM32;C:\Windows\WinSxS\amd64_microsoft.windows.common-controls_6595b64144ccf1df_6.0.19041.1110_none_60b5254171f9507e;C:\Program Files\Java\jdk-19\bin\server

VM Arguments:
jvm_args: -XX:+ShowCodeDetailsInExceptionMessages -agentlib:jdwp=transport=dt_socket,suspend=y,address=localhost:60335 -javaagent:C:\Users\DELL\eclipse\jee-2022-09\eclipse\configuration\org.eclipse.osgi\421\0\.cp\lib\javaagent-shaded.jar -Dfile.encoding=UTF-8 
java_command: com.example.accessingdatamysql.AccessingDataMysqlApplication
java_class_path (initial): C:\Users\DELL\eclipse-workspace\gs-accessing-data-mysql\complete\target\classes;C:\Users\DELL\.m2\repository\org\springframework\boot\spring-boot-starter-data-jpa\2.7.0\spring-boot-starter-data-jpa-2.7.0.jar;C:\Users\DELL\.m2\repository\org\springframework\boot\spring-boot-starter-aop\2.7.0\spring-boot-starter-aop-2.7.0.jar;C:\Users\DELL\.m2\repository\org\springframework\spring-aop\5.3.20\spring-aop-5.3.20.jar;C:\Users\DELL\.m2\repository\org\aspectj\aspectjweaver\1.9.7\aspectjweaver-1.9.7.jar;C:\Users\DELL\.m2\repository\org\springframework\boot\spring-boot-starter-jdbc\2.7.0\spring-boot-starter-jdbc-2.7.0.jar;C:\Users\DELL\.m2\repository\com\zaxxer\HikariCP\4.0.3\HikariCP-4.0.3.jar;C:\Users\DELL\.m2\repository\org\springframework\spring-jdbc\5.3.20\spring-jdbc-5.3.20.jar;C:\Users\DELL\.m2\repository\jakarta\transaction\jakarta.transaction-api\1.3.3\jakarta.transaction-api-1.3.3.jar;C:\Users\DELL\.m2\repository\jakarta\persistence\jakarta.persistence-api\2.2.3\jakarta.persistence-api-2.2.3.jar;C:\Users\DELL\.m2\repository\org\hibernate\hibernate-core\5.6.9.Final\hibernate-core-5.6.9.Final.jar;C:\Users\DELL\.m2\repository\org\jboss\logging\jboss-logging\3.4.3.Final\jboss-logging-3.4.3.Final.jar;C:\Users\DELL\.m2\repository\net\bytebuddy\byte-buddy\1.12.10\byte-buddy-1.12.10.jar;C:\Users\DELL\.m2\repository\antlr\antlr\2.7.7\antlr-2.7.7.jar;C:\Users\DELL\.m2\repository\org\jboss\jandex\2.4.2.Final\jandex-2.4.2.Final.jar;C:\Users\DELL\.m2\repository\com\fasterxml\classmate\1.5.1\classmate-1.5.1.jar;C:\Users\DELL\.m2\repository\org\hibernate\common\hibernate-commons-annotations\5.1.2.Final\hibernate-commons-annotations-5.1.2.Final.jar;C:\Users\DELL\.m2\repository\org\glassfish\jaxb\jaxb-runtime\2.3.6\jaxb-runtime-2.3.6.jar;C:\Users\DELL\.m2\repository\org\glassfish\jaxb\txw2\2.3.6\txw2-2.3.6.jar;C:\Users\DELL\.m2\repository\com\sun\istack\istack-commons-runtime\3.0.12\istack-commons-runtime-3.0.12.jar;C:\Users\DELL\.m2\repository\com\sun\activation\jakarta.activation\1.2.2\jakarta.activation-1.2.2.jar;C:\Users\DELL\.m2\repository\org\springframework\data\spring-data-jpa\2.7.0\spring-data-jpa-2.7.0.jar;C:\Users\DELL\.m2\repository\org\springframework\data\spring-data-commons\2.7.0\spring-data-commons-2.7.0.jar;C:\Users\DELL\.m2\repository\org\springframework\spring-orm\5.3.20\spring-orm-5.3.20.jar;C:\Users\DELL\.m2\repository\org\springframework\spring-context\5.3.20\spring-context-5.3.20.jar;C:\Users\DELL\.m2\repository\org\springframework\spring-tx\5.3.20\spring-tx-5.3.20.jar;C:\Users\DELL\.m2\repository\org\springframework\spring-beans\5.3.20\spring-beans-5.3.20.jar;C:\Users\DELL\.m2\repository\org\slf4j\slf4j-api\1.7.36\slf4j-api-1.7.36.jar;C:\Users\DELL\.m2\repository\org\springframework\spring-aspects\5.3.20\spring-aspects-5.3.20.jar;C:\Users\DELL\.m2\repository\org\springframework\boot\spring-boot-starter-web\2.7.0\spring-boot-starter-web-2.7.0.jar;C:\Users\DELL\.m2\repository\org\springframework\boot\spring-boot-starter\2.7.0\spring-boot-starter-2.7.0.jar;C:\Users\DELL\.m2\repository\org\springframework\boot\spring-boot\2.7.0\spring-boot-2.7.0.jar;C:\Users\DELL\.m2\repository\org\springframework\boot\spring-boot-autoconfigure\2.7.0\spring-boot-autoconfigure-2.7.0.jar;C:\Users\DELL\.m2\repository\org\springframework\boot\spring-boot-starter-logging\2.7.0\spring-boot-starter-logging-2.7.0.jar;C:\Users\DELL\.m2\repository\ch\qos\logback\logback-classic\1.2.11\logback-classic-1.2.11.jar;C:\Users\DELL\.m2\repository\ch\qos\logback\logback-core\1.2.11\logback-core-1.2.11.jar;C:\Users\DELL\.m2\repository\org\apache\logging\log4j\log4j-to-slf4j\2.17.2\log4j-to-slf4j-2.17.2.jar;C:\Users\DELL\.m2\repository\org\apache\logging\log4j\log4j-api\2.17.2\log4j-api-2.17.2.jar;C:\Users\DELL\.m2\repository\org\slf4j\jul-to-slf4j\1.7.36\jul-to-slf4j-1.7.36.jar;C:\Users\DELL\.m2\repository\jakarta\annotation\jakarta.annotation-api\1.3.5\jakarta.annotation-api-1.3.5.jar;C:\Users\DELL\.m2\repository\org\yaml\snakeyaml\1.30\snakeyaml-1.30.jar;C:\Users\DELL\.m2\repository\org\springframework\boot\spring-boot-starter-json\2.7.0\spring-boot-starter-json-2.7.0.jar;C:\Users\DELL\.m2\repository\com\fasterxml\jackson\core\jackson-databind\2.13.3\jackson-databind-2.13.3.jar;C:\Users\DELL\.m2\repository\com\fasterxml\jackson\core\jackson-annotations\2.13.3\jackson-annotations-2.13.3.jar;C:\Users\DELL\.m2\repository\com\fasterxml\jackson\core\jackson-core\2.13.3\jackson-core-2.13.3.jar;C:\Users\DELL\.m2\repository\com\fasterxml\jackson\datatype\jackson-datatype-jdk8\2.13.3\jackson-datatype-jdk8-2.13.3.jar;C:\Users\DELL\.m2\repository\com\fasterxml\jackson\datatype\jackson-datatype-jsr310\2.13.3\jackson-datatype-jsr310-2.13.3.jar;C:\Users\DELL\.m2\repository\com\fasterxml\jackson\module\jackson-module-parameter-names\2.13.3\jackson-module-parameter-names-2.13.3.jar;C:\Users\DELL\.m2\repository\org\springframework\boot\spring-boot-starter-tomcat\2.7.0\spring-boot-starter-tomcat-2.7.0.jar;C:\Users\DELL\.m2\repository\org\apache\tomcat\embed\tomcat-embed-core\9.0.63\tomcat-embed-core-9.0.63.jar;C:\Users\DELL\.m2\repository\org\apache\tomcat\embed\tomcat-embed-el\9.0.63\tomcat-embed-el-9.0.63.jar;C:\Users\DELL\.m2\repository\org\apache\tomcat\embed\tomcat-embed-websocket\9.0.63\tomcat-embed-websocket-9.0.63.jar;C:\Users\DELL\.m2\repository\org\springframework\spring-web\5.3.20\spring-web-5.3.20.jar;C:\Users\DELL\.m2\repository\org\springframework\spring-webmvc\5.3.20\spring-webmvc-5.3.20.jar;C:\Users\DELL\.m2\repository\org\springframework\spring-expression\5.3.20\spring-expression-5.3.20.jar;C:\Users\DELL\.m2\repository\mysql\mysql-connector-java\8.0.29\mysql-connector-java-8.0.29.jar;C:\Users\DELL\.m2\repository\jakarta\xml\bind\jakarta.xml.bind-api\2.3.3\jakarta.xml.bind-api-2.3.3.jar;C:\Users\DELL\.m2\repository\jakarta\activation\jakarta.activation-api\1.2.2\jakarta.activation-api-1.2.2.jar;C:\Users\DELL\.m2\repository\org\springframework\spring-core\5.3.20\spring-core-5.3.20.jar;C:\Users\DELL\.m2\repository\org\springframework\spring-jcl\5.3.20\spring-jcl-5.3.20.jar
Launcher Type: SUN_STANDARD

[Global flags]
     intx CICompilerCount                          = 3                                         {product} {ergonomic}
     uint ConcGCThreads                            = 1                                         {product} {ergonomic}
     uint G1ConcRefinementThreads                  = 4                                         {product} {ergonomic}
   size_t G1HeapRegionSize                         = 1048576                                   {product} {ergonomic}
    uintx GCDrainStackTargetSize                   = 64                                        {product} {ergonomic}
   size_t InitialHeapSize                          = 67108864                                  {product} {ergonomic}
   size_t MarkStackSize                            = 4194304                                   {product} {ergonomic}
   size_t MaxHeapSize                              = 1050673152                                {product} {ergonomic}
   size_t MaxNewSize                               = 630194176                                 {product} {ergonomic}
   size_t MinHeapDeltaBytes                        = 1048576                                   {product} {ergonomic}
   size_t MinHeapSize                              = 8388608                                   {product} {ergonomic}
    uintx NonNMethodCodeHeapSize                   = 5832780                                {pd product} {ergonomic}
    uintx NonProfiledCodeHeapSize                  = 122912730                              {pd product} {ergonomic}
    uintx ProfiledCodeHeapSize                     = 122912730                              {pd product} {ergonomic}
    uintx ReservedCodeCacheSize                    = 251658240                              {pd product} {ergonomic}
     bool SegmentedCodeCache                       = true                                      {product} {ergonomic}
     bool ShowCodeDetailsInExceptionMessages       = true                                   {manageable} {command line}
   size_t SoftMaxHeapSize                          = 1050673152                             {manageable} {ergonomic}
     bool UseCompressedClassPointers               = true                           {product lp64_product} {ergonomic}
     bool UseCompressedOops                        = true                           {product lp64_product} {ergonomic}
     bool UseG1GC                                  = true                                      {product} {ergonomic}
     bool UseLargePagesIndividualAllocation        = false                                  {pd product} {ergonomic}

Logging:
Log output configuration:
 #0: stdout all=warning uptime,level,tags foldmultilines=false
 #1: stderr all=off uptime,level,tags foldmultilines=false

Environment Variables:
PATH=C:/Program Files/Java/jdk-19/bin/server;C:/Program Files/Java/jdk-19/bin;C:\Program Files\Common Files\Oracle\Java\javapath;C:\Program Files (x86)\Common Files\Oracle\Java\javapath;C:\Windows\system32;C:\Windows;C:\Windows\System32\Wbem;C:\Windows\System32\WindowsPowerShell\v1.0\;C:\Windows\System32\OpenSSH\;C:\Program Files\Git\cmd;C:\MySQL8.0\bin;C:\Users\DELL\AppData\Local\Microsoft\WindowsApps;;C:\Users\DELL\Desktop;
USERNAME=DELL
OS=Windows_NT
PROCESSOR_IDENTIFIER=Intel64 Family 6 Model 42 Stepping 7, GenuineIntel
TMP=C:\Users\DELL\AppData\Local\Temp
TEMP=C:\Users\DELL\AppData\Local\Temp



---------------  S Y S T E M  ---------------

OS:
 Windows 10 , 64 bit Build 19041 (10.0.19041.1889)
OS uptime: 0 days 4:40 hours

CPU: total 4 (initial active 4) (2 cores per cpu, 2 threads per core) family 6 model 42 stepping 7 microcode 0x2f, cx8, cmov, fxsr, ht, mmx, sse, sse2, sse3, ssse3, sse4.1, sse4.2, popcnt, tsc, tscinvbit, avx, aes, clmul, vzeroupper, clflush, rdtscp

Memory: 4k page, system-wide physical 4003M (374M free)
TotalPageFile size 7702M (AvailPageFile size 1168M)
current process WorkingSet (physical memory assigned to process): 196M, peak: 238M
current process commit charge ("private bytes"): 225M, peak: 268M

vm_info: Java HotSpot(TM) 64-Bit Server VM (19.0.1+10-21) for windows-amd64 JRE (19.0.1+10-21), built on 2022-09-14T12:45:06Z by "mach5one" with MS VC++ 17.1 (VS2022)

END.
